<?xml version="1.0" encoding="UTF-8"?>
<testsuite xmlns:xsi="http://www.w3.org/2001/XMLSchema-instance" xsi:noNamespaceSchemaLocation="https://maven.apache.org/surefire/maven-surefire-plugin/xsd/surefire-test-report.xsd" version="3.0.2" name="com.atelierlocal.service.ClientServiceTest" time="0.131" tests="6" errors="0" skipped="0" failures="0">
  <properties>
[...]
</properties>
  <testcase name="testDeleteClient_success" classname="com.atelierlocal.service.ClientServiceTest" time="0.113"/>
  <testcase name="testGetClientById_success" classname="com.atelierlocal.service.ClientServiceTest" time="0.002"/>
  <testcase name="testCreateClient_emailAlreadyExists" classname="com.atelierlocal.service.ClientServiceTest" time="0.002"/>
  <testcase name="testUpdateClient_success" classname="com.atelierlocal.service.ClientServiceTest" time="0.003"/>
  <testcase name="testCreateClient_success" classname="com.atelierlocal.service.ClientServiceTest" time="0.003"/>
  <testcase name="testClientById_notFound" classname="com.atelierlocal.service.ClientServiceTest" time="0.002"/>
</testsuite>